[ 2026-03-24 10:45:42,868 ] 15 root - INFO - Iniciando o componente de Ingestăo de Dados (Data Ingestion)
[ 2026-03-24 10:45:42,868 ] 17 root - INFO - Gerando dados sintéticos do LightweightMMM (156 semanas, 3 canais)
[ 2026-03-24 10:45:43,030 ] 822 jax._src.xla_bridge - INFO - Unable to initialize backend 'tpu': UNIMPLEMENTED: LoadPjrtPlugin is not implemented on windows yet.
[ 2026-03-24 10:45:44,640 ] 142 absl - INFO - Correlation between transformed media and target
[ 2026-03-24 10:45:44,714 ] 143 absl - INFO - [np.float64(-0.005247780739699008), np.float64(0.5053490147184432), np.float64(0.6111939598588981)]
[ 2026-03-24 10:45:44,715 ] 149 absl - INFO - True ROI for media channels
[ 2026-03-24 10:45:45,730 ] 150 absl - INFO - [Array(-2.1526866, dtype=float32), Array(10.864549, dtype=float32), Array(21.335894, dtype=float32)]
[ 2026-03-24 10:45:45,760 ] 24 root - INFO - Transformando matrizes em Pandas DataFrame
[ 2026-03-24 10:45:45,772 ] 50 root - ERROR - Erro ocorrido na Ingestăo de Dados
[ 2026-03-24 10:49:11,748 ] 15 root - INFO - Iniciando o componente de Ingestăo de Dados (Data Ingestion)
[ 2026-03-24 10:49:11,748 ] 17 root - INFO - Gerando dados sintéticos do LightweightMMM (156 semanas, 3 canais)
[ 2026-03-24 10:49:11,753 ] 142 absl - INFO - Correlation between transformed media and target
[ 2026-03-24 10:49:11,757 ] 143 absl - INFO - [np.float64(-0.005247780739699008), np.float64(0.5053490147184432), np.float64(0.6111939598588981)]
[ 2026-03-24 10:49:11,757 ] 149 absl - INFO - True ROI for media channels
[ 2026-03-24 10:49:11,775 ] 150 absl - INFO - [Array(-2.1526866, dtype=float32), Array(10.864549, dtype=float32), Array(21.335894, dtype=float32)]
[ 2026-03-24 10:49:11,777 ] 24 root - INFO - Transformando matrizes em Pandas DataFrame
[ 2026-03-24 10:49:11,780 ] 50 root - ERROR - Erro ocorrido na Ingestăo de Dados
[ 2026-03-24 10:50:26,693 ] 15 root - INFO - Iniciando o componente de Ingestăo de Dados (Data Ingestion)
[ 2026-03-24 10:50:26,693 ] 17 root - INFO - Gerando dados sintéticos do LightweightMMM (156 semanas, 3 canais)
[ 2026-03-24 10:50:26,700 ] 142 absl - INFO - Correlation between transformed media and target
[ 2026-03-24 10:50:26,703 ] 143 absl - INFO - [np.float64(-0.005247780739699008), np.float64(0.5053490147184432), np.float64(0.6111939598588981)]
[ 2026-03-24 10:50:26,703 ] 149 absl - INFO - True ROI for media channels
[ 2026-03-24 10:50:26,719 ] 150 absl - INFO - [Array(-2.1526866, dtype=float32), Array(10.864549, dtype=float32), Array(21.335894, dtype=float32)]
[ 2026-03-24 10:50:26,720 ] 24 root - INFO - Transformando matrizes em Pandas DataFrame
[ 2026-03-24 10:50:26,723 ] 50 root - ERROR - Erro ocorrido na Ingestăo de Dados
[ 2026-03-24 10:50:29,241 ] 15 root - INFO - Iniciando o componente de Ingestăo de Dados (Data Ingestion)
[ 2026-03-24 10:50:29,241 ] 17 root - INFO - Gerando dados sintéticos do LightweightMMM (156 semanas, 3 canais)
[ 2026-03-24 10:50:29,247 ] 142 absl - INFO - Correlation between transformed media and target
[ 2026-03-24 10:50:29,249 ] 143 absl - INFO - [np.float64(-0.005247780739699008), np.float64(0.5053490147184432), np.float64(0.6111939598588981)]
[ 2026-03-24 10:50:29,250 ] 149 absl - INFO - True ROI for media channels
[ 2026-03-24 10:50:29,268 ] 150 absl - INFO - [Array(-2.1526866, dtype=float32), Array(10.864549, dtype=float32), Array(21.335894, dtype=float32)]
[ 2026-03-24 10:50:29,269 ] 24 root - INFO - Transformando matrizes em Pandas DataFrame
[ 2026-03-24 10:50:29,276 ] 50 root - ERROR - Erro ocorrido na Ingestăo de Dados
[ 2026-03-24 10:51:38,517 ] 222 autoreload - ERROR - Failed to read module file 'C:\Users\Eduardo\AppData\Local\Programs\Python\Python311\Lib\shlex.py' for module 'shlex': UnicodeDecodeError
Traceback (most recent call last):
  File "d:\Programacao\MMM\.venv\Lib\site-packages\IPython\core\extensions.py", line 62, in load_extension
    return self._load_extension(module_str)
           ^^^^^^^^^^^^^^^^^^^^^^^^^^^^^^^^
  File "d:\Programacao\MMM\.venv\Lib\site-packages\IPython\core\extensions.py", line 77, in _load_extension
    mod = import_module(module_str)
          ^^^^^^^^^^^^^^^^^^^^^^^^^
  File "C:\Users\Eduardo\AppData\Local\Programs\Python\Python311\Lib\importlib\__init__.py", line 126, in import_module
    return _bootstrap._gcd_import(name[level:], package, level)
           ^^^^^^^^^^^^^^^^^^^^^^^^^^^^^^^^^^^^^^^^^^^^^^^^^^^^
  File "<frozen importlib._bootstrap>", line 1204, in _gcd_import
  File "<frozen importlib._bootstrap>", line 1176, in _find_and_load
  File "<frozen importlib._bootstrap>", line 1140, in _find_and_load_unlocked
ModuleNotFoundError: No module named 'autoreload'

During handling of the above exception, another exception occurred:

Traceback (most recent call last):
  File "d:\Programacao\MMM\.venv\Lib\site-packages\IPython\extensions\deduperreload\deduperreload.py", line 219, in update_sources
    self.source_by_modname[new_modname] = f.read()
                                          ^^^^^^^^
  File "C:\Users\Eduardo\AppData\Local\Programs\Python\Python311\Lib\encodings\cp1252.py", line 23, in decode
    return codecs.charmap_decode(input,self.errors,decoding_table)[0]
           ^^^^^^^^^^^^^^^^^^^^^^^^^^^^^^^^^^^^^^^^^^^^^^^^^^^^^^^
UnicodeDecodeError: 'charmap' codec can't decode byte 0x81 in position 1482: character maps to <undefined>
[ 2026-03-24 10:51:38,751 ] 222 autoreload - ERROR - Failed to read module file 'C:\Users\Eduardo\AppData\Local\Programs\Python\Python311\Lib\pydoc_data\topics.py' for module 'pydoc_data.topics': UnicodeDecodeError
Traceback (most recent call last):
  File "d:\Programacao\MMM\.venv\Lib\site-packages\IPython\core\extensions.py", line 62, in load_extension
    return self._load_extension(module_str)
           ^^^^^^^^^^^^^^^^^^^^^^^^^^^^^^^^
  File "d:\Programacao\MMM\.venv\Lib\site-packages\IPython\core\extensions.py", line 77, in _load_extension
    mod = import_module(module_str)
          ^^^^^^^^^^^^^^^^^^^^^^^^^
  File "C:\Users\Eduardo\AppData\Local\Programs\Python\Python311\Lib\importlib\__init__.py", line 126, in import_module
    return _bootstrap._gcd_import(name[level:], package, level)
           ^^^^^^^^^^^^^^^^^^^^^^^^^^^^^^^^^^^^^^^^^^^^^^^^^^^^
  File "<frozen importlib._bootstrap>", line 1204, in _gcd_import
  File "<frozen importlib._bootstrap>", line 1176, in _find_and_load
  File "<frozen importlib._bootstrap>", line 1140, in _find_and_load_unlocked
ModuleNotFoundError: No module named 'autoreload'

During handling of the above exception, another exception occurred:

Traceback (most recent call last):
  File "d:\Programacao\MMM\.venv\Lib\site-packages\IPython\extensions\deduperreload\deduperreload.py", line 219, in update_sources
    self.source_by_modname[new_modname] = f.read()
                                          ^^^^^^^^
  File "C:\Users\Eduardo\AppData\Local\Programs\Python\Python311\Lib\encodings\cp1252.py", line 23, in decode
    return codecs.charmap_decode(input,self.errors,decoding_table)[0]
           ^^^^^^^^^^^^^^^^^^^^^^^^^^^^^^^^^^^^^^^^^^^^^^^^^^^^^^^
UnicodeDecodeError: 'charmap' codec can't decode byte 0x9d in position 4751: character maps to <undefined>
[ 2026-03-24 10:51:40,185 ] 222 autoreload - ERROR - Failed to read module file 'C:\Users\Eduardo\AppData\Local\Programs\Python\Python311\Lib\urllib\parse.py' for module 'urllib.parse': UnicodeDecodeError
Traceback (most recent call last):
  File "d:\Programacao\MMM\.venv\Lib\site-packages\IPython\core\extensions.py", line 62, in load_extension
    return self._load_extension(module_str)
           ^^^^^^^^^^^^^^^^^^^^^^^^^^^^^^^^
  File "d:\Programacao\MMM\.venv\Lib\site-packages\IPython\core\extensions.py", line 77, in _load_extension
    mod = import_module(module_str)
          ^^^^^^^^^^^^^^^^^^^^^^^^^
  File "C:\Users\Eduardo\AppData\Local\Programs\Python\Python311\Lib\importlib\__init__.py", line 126, in import_module
    return _bootstrap._gcd_import(name[level:], package, level)
           ^^^^^^^^^^^^^^^^^^^^^^^^^^^^^^^^^^^^^^^^^^^^^^^^^^^^
  File "<frozen importlib._bootstrap>", line 1204, in _gcd_import
  File "<frozen importlib._bootstrap>", line 1176, in _find_and_load
  File "<frozen importlib._bootstrap>", line 1140, in _find_and_load_unlocked
ModuleNotFoundError: No module named 'autoreload'

During handling of the above exception, another exception occurred:

Traceback (most recent call last):
  File "d:\Programacao\MMM\.venv\Lib\site-packages\IPython\extensions\deduperreload\deduperreload.py", line 219, in update_sources
    self.source_by_modname[new_modname] = f.read()
                                          ^^^^^^^^
  File "C:\Users\Eduardo\AppData\Local\Programs\Python\Python311\Lib\encodings\cp1252.py", line 23, in decode
    return codecs.charmap_decode(input,self.errors,decoding_table)[0]
           ^^^^^^^^^^^^^^^^^^^^^^^^^^^^^^^^^^^^^^^^^^^^^^^^^^^^^^^
UnicodeDecodeError: 'charmap' codec can't decode byte 0x9d in position 2030: character maps to <undefined>
[ 2026-03-24 10:51:40,497 ] 222 autoreload - ERROR - Failed to read module file 'C:\Users\Eduardo\AppData\Local\Programs\Python\Python311\Lib\re\_casefix.py' for module 're._casefix': UnicodeDecodeError
Traceback (most recent call last):
  File "d:\Programacao\MMM\.venv\Lib\site-packages\IPython\core\extensions.py", line 62, in load_extension
    return self._load_extension(module_str)
           ^^^^^^^^^^^^^^^^^^^^^^^^^^^^^^^^
  File "d:\Programacao\MMM\.venv\Lib\site-packages\IPython\core\extensions.py", line 77, in _load_extension
    mod = import_module(module_str)
          ^^^^^^^^^^^^^^^^^^^^^^^^^
  File "C:\Users\Eduardo\AppData\Local\Programs\Python\Python311\Lib\importlib\__init__.py", line 126, in import_module
    return _bootstrap._gcd_import(name[level:], package, level)
           ^^^^^^^^^^^^^^^^^^^^^^^^^^^^^^^^^^^^^^^^^^^^^^^^^^^^
  File "<frozen importlib._bootstrap>", line 1204, in _gcd_import
  File "<frozen importlib._bootstrap>", line 1176, in _find_and_load
  File "<frozen importlib._bootstrap>", line 1140, in _find_and_load_unlocked
ModuleNotFoundError: No module named 'autoreload'

During handling of the above exception, another exception occurred:

Traceback (most recent call last):
  File "d:\Programacao\MMM\.venv\Lib\site-packages\IPython\extensions\deduperreload\deduperreload.py", line 219, in update_sources
    self.source_by_modname[new_modname] = f.read()
                                          ^^^^^^^^
  File "C:\Users\Eduardo\AppData\Local\Programs\Python\Python311\Lib\encodings\cp1252.py", line 23, in decode
    return codecs.charmap_decode(input,self.errors,decoding_table)[0]
           ^^^^^^^^^^^^^^^^^^^^^^^^^^^^^^^^^^^^^^^^^^^^^^^^^^^^^^^
UnicodeDecodeError: 'charmap' codec can't decode byte 0x90 in position 913: character maps to <undefined>
[ 2026-03-24 10:51:40,609 ] 222 autoreload - ERROR - Failed to read module file 'C:\Users\Eduardo\AppData\Local\Programs\Python\Python311\Lib\functools.py' for module 'functools': UnicodeDecodeError
Traceback (most recent call last):
  File "d:\Programacao\MMM\.venv\Lib\site-packages\IPython\core\extensions.py", line 62, in load_extension
    return self._load_extension(module_str)
           ^^^^^^^^^^^^^^^^^^^^^^^^^^^^^^^^
  File "d:\Programacao\MMM\.venv\Lib\site-packages\IPython\core\extensions.py", line 77, in _load_extension
    mod = import_module(module_str)
          ^^^^^^^^^^^^^^^^^^^^^^^^^
  File "C:\Users\Eduardo\AppData\Local\Programs\Python\Python311\Lib\importlib\__init__.py", line 126, in import_module
    return _bootstrap._gcd_import(name[level:], package, level)
           ^^^^^^^^^^^^^^^^^^^^^^^^^^^^^^^^^^^^^^^^^^^^^^^^^^^^
  File "<frozen importlib._bootstrap>", line 1204, in _gcd_import
  File "<frozen importlib._bootstrap>", line 1176, in _find_and_load
  File "<frozen importlib._bootstrap>", line 1140, in _find_and_load_unlocked
ModuleNotFoundError: No module named 'autoreload'

During handling of the above exception, another exception occurred:

Traceback (most recent call last):
  File "d:\Programacao\MMM\.venv\Lib\site-packages\IPython\extensions\deduperreload\deduperreload.py", line 219, in update_sources
    self.source_by_modname[new_modname] = f.read()
                                          ^^^^^^^^
  File "C:\Users\Eduardo\AppData\Local\Programs\Python\Python311\Lib\encodings\cp1252.py", line 23, in decode
    return codecs.charmap_decode(input,self.errors,decoding_table)[0]
           ^^^^^^^^^^^^^^^^^^^^^^^^^^^^^^^^^^^^^^^^^^^^^^^^^^^^^^^
UnicodeDecodeError: 'charmap' codec can't decode byte 0x81 in position 308: character maps to <undefined>
[ 2026-03-24 10:51:41,287 ] 15 root - INFO - Iniciando o componente de Ingestăo de Dados (Data Ingestion)
[ 2026-03-24 10:51:41,288 ] 17 root - INFO - Gerando dados sintéticos do LightweightMMM (156 semanas, 3 canais)
[ 2026-03-24 10:51:41,291 ] 142 absl - INFO - Correlation between transformed media and target
[ 2026-03-24 10:51:41,292 ] 143 absl - INFO - [np.float64(-0.005247780739699008), np.float64(0.5053490147184432), np.float64(0.6111939598588981)]
[ 2026-03-24 10:51:41,292 ] 149 absl - INFO - True ROI for media channels
[ 2026-03-24 10:51:41,305 ] 150 absl - INFO - [Array(-2.1526866, dtype=float32), Array(10.864549, dtype=float32), Array(21.335894, dtype=float32)]
[ 2026-03-24 10:51:41,305 ] 24 root - INFO - Transformando matrizes em Pandas DataFrame
[ 2026-03-24 10:51:41,308 ] 50 root - ERROR - Erro ocorrido na Ingestăo de Dados
[ 2026-03-24 10:51:55,980 ] 15 root - INFO - Iniciando o componente de Ingestăo de Dados (Data Ingestion)
[ 2026-03-24 10:51:55,980 ] 17 root - INFO - Gerando dados sintéticos do LightweightMMM (156 semanas, 3 canais)
[ 2026-03-24 10:51:55,983 ] 142 absl - INFO - Correlation between transformed media and target
[ 2026-03-24 10:51:55,984 ] 143 absl - INFO - [np.float64(-0.005247780739699008), np.float64(0.5053490147184432), np.float64(0.6111939598588981)]
[ 2026-03-24 10:51:55,984 ] 149 absl - INFO - True ROI for media channels
[ 2026-03-24 10:51:55,997 ] 150 absl - INFO - [Array(-2.1526866, dtype=float32), Array(10.864549, dtype=float32), Array(21.335894, dtype=float32)]
[ 2026-03-24 10:51:55,998 ] 24 root - INFO - Transformando matrizes em Pandas DataFrame
[ 2026-03-24 10:51:56,000 ] 50 root - ERROR - Erro ocorrido na Ingestăo de Dados
[ 2026-03-24 10:53:07,316 ] 3 root - INFO - Iniciando o componente de IngestĂŁo de Dados (Data Ingestion)
[ 2026-03-24 10:53:07,316 ] 5 root - INFO - Gerando dados sintĂ©ticos do LightweightMMM
[ 2026-03-24 10:53:07,319 ] 142 absl - INFO - Correlation between transformed media and target
[ 2026-03-24 10:53:07,320 ] 143 absl - INFO - [np.float64(-0.005247780739699008), np.float64(0.5053490147184432), np.float64(0.6111939598588981)]
[ 2026-03-24 10:53:07,320 ] 149 absl - INFO - True ROI for media channels
[ 2026-03-24 10:53:07,333 ] 150 absl - INFO - [Array(-2.1526866, dtype=float32), Array(10.864549, dtype=float32), Array(21.335894, dtype=float32)]
[ 2026-03-24 10:53:07,336 ] 21 root - ERROR - Erro ocorrido na IngestĂŁo de Dados
[ 2026-03-24 10:55:23,821 ] 559 autoreload - ERROR - Failed to read module file 'd:\Programacao\MMM\src\components\data_ingestion.py' for module 'src.components.data_ingestion': UnicodeDecodeError
Traceback (most recent call last):
  File "d:\Programacao\MMM\.venv\Lib\site-packages\IPython\extensions\deduperreload\deduperreload.py", line 556, in maybe_reload_module
    new_source_code = f.read()
                      ^^^^^^^^
  File "C:\Users\Eduardo\AppData\Local\Programs\Python\Python311\Lib\encodings\cp1252.py", line 23, in decode
    return codecs.charmap_decode(input,self.errors,decoding_table)[0]
           ^^^^^^^^^^^^^^^^^^^^^^^^^^^^^^^^^^^^^^^^^^^^^^^^^^^^^^^
UnicodeDecodeError: 'charmap' codec can't decode byte 0x8d in position 910: character maps to <undefined>
[ 2026-03-24 10:55:23,905 ] 16 root - INFO - Iniciando o componente de Ingestăo de Dados (Data Ingestion)
[ 2026-03-24 10:55:23,905 ] 19 root - INFO - Gerando dados sintéticos (JAX Arrays)
[ 2026-03-24 10:55:23,911 ] 142 absl - INFO - Correlation between transformed media and target
[ 2026-03-24 10:55:23,912 ] 143 absl - INFO - [np.float64(-0.005247780739699008), np.float64(0.5053490147184432), np.float64(0.6111939598588981)]
[ 2026-03-24 10:55:23,913 ] 149 absl - INFO - True ROI for media channels
[ 2026-03-24 10:55:23,927 ] 150 absl - INFO - [Array(-2.1526866, dtype=float32), Array(10.864549, dtype=float32), Array(21.335894, dtype=float32)]
[ 2026-03-24 10:55:24,012 ] 62 root - ERROR - Erro ocorrido na Ingestăo de Dados
[ 2026-03-24 10:57:17,809 ] 3 root - INFO - Iniciando o componente de IngestĂŁo de Dados
[ 2026-03-24 10:57:17,812 ] 142 absl - INFO - Correlation between transformed media and target
[ 2026-03-24 10:57:17,813 ] 143 absl - INFO - [np.float64(-0.005247780739699008), np.float64(0.5053490147184432), np.float64(0.6111939598588981)]
[ 2026-03-24 10:57:17,813 ] 149 absl - INFO - True ROI for media channels
[ 2026-03-24 10:57:17,826 ] 150 absl - INFO - [Array(-2.1526866, dtype=float32), Array(10.864549, dtype=float32), Array(21.335894, dtype=float32)]
[ 2026-03-24 10:57:17,843 ] 25 root - ERROR - Erro ocorrido na IngestĂŁo de Dados
