[ 2026-03-25 11:41:01,816 ] 15 root - INFO - Iniciando a ingestao de dados
[ 2026-03-25 11:41:02,423 ] 896 jax._src.xla_bridge - INFO - Unable to initialize backend 'cuda': 
[ 2026-03-25 11:41:02,423 ] 896 jax._src.xla_bridge - INFO - Unable to initialize backend 'rocm': module 'jaxlib.xla_extension' has no attribute 'GpuAllocatorConfig'
[ 2026-03-25 11:41:02,467 ] 896 jax._src.xla_bridge - INFO - Unable to initialize backend 'tpu': UNIMPLEMENTED: LoadPjrtPlugin is not implemented on windows yet.
[ 2026-03-25 11:41:07,990 ] 142 absl - INFO - Correlation between transformed media and target
[ 2026-03-25 11:41:08,112 ] 143 absl - INFO - [-0.08548280566955492, 0.4821349988964954, 0.33847885308194076]
[ 2026-03-25 11:41:08,131 ] 149 absl - INFO - True ROI for media channels
[ 2026-03-25 11:41:08,921 ] 150 absl - INFO - [Array(-3.407983, dtype=float32), Array(18.762829, dtype=float32), Array(15.909696, dtype=float32)]
[ 2026-03-25 11:41:09,258 ] 63 root - INFO - Ingestao concluida com sucesso
[ 2026-03-25 16:14:37,116 ] 222 autoreload - ERROR - Failed to read module file 'C:\Users\Eduardo\AppData\Local\Programs\Python\Python311\Lib\pydoc_data\topics.py' for module 'pydoc_data.topics': UnicodeDecodeError
Traceback (most recent call last):
  File "d:\Programacao\MMM\.venv\Lib\site-packages\IPython\core\extensions.py", line 62, in load_extension
    return self._load_extension(module_str)
           ^^^^^^^^^^^^^^^^^^^^^^^^^^^^^^^^
  File "d:\Programacao\MMM\.venv\Lib\site-packages\IPython\core\extensions.py", line 77, in _load_extension
    mod = import_module(module_str)
          ^^^^^^^^^^^^^^^^^^^^^^^^^
  File "C:\Users\Eduardo\AppData\Local\Programs\Python\Python311\Lib\importlib\__init__.py", line 126, in import_module
    return _bootstrap._gcd_import(name[level:], package, level)
           ^^^^^^^^^^^^^^^^^^^^^^^^^^^^^^^^^^^^^^^^^^^^^^^^^^^^
  File "<frozen importlib._bootstrap>", line 1204, in _gcd_import
  File "<frozen importlib._bootstrap>", line 1176, in _find_and_load
  File "<frozen importlib._bootstrap>", line 1140, in _find_and_load_unlocked
ModuleNotFoundError: No module named 'autoreload'

During handling of the above exception, another exception occurred:

Traceback (most recent call last):
  File "d:\Programacao\MMM\.venv\Lib\site-packages\IPython\extensions\deduperreload\deduperreload.py", line 219, in update_sources
    self.source_by_modname[new_modname] = f.read()
                                          ^^^^^^^^
  File "C:\Users\Eduardo\AppData\Local\Programs\Python\Python311\Lib\encodings\cp1252.py", line 23, in decode
    return codecs.charmap_decode(input,self.errors,decoding_table)[0]
           ^^^^^^^^^^^^^^^^^^^^^^^^^^^^^^^^^^^^^^^^^^^^^^^^^^^^^^^
UnicodeDecodeError: 'charmap' codec can't decode byte 0x9d in position 4751: character maps to <undefined>
[ 2026-03-25 16:14:38,666 ] 222 autoreload - ERROR - Failed to read module file 'C:\Users\Eduardo\AppData\Local\Programs\Python\Python311\Lib\functools.py' for module 'functools': UnicodeDecodeError
Traceback (most recent call last):
  File "d:\Programacao\MMM\.venv\Lib\site-packages\IPython\core\extensions.py", line 62, in load_extension
    return self._load_extension(module_str)
           ^^^^^^^^^^^^^^^^^^^^^^^^^^^^^^^^
  File "d:\Programacao\MMM\.venv\Lib\site-packages\IPython\core\extensions.py", line 77, in _load_extension
    mod = import_module(module_str)
          ^^^^^^^^^^^^^^^^^^^^^^^^^
  File "C:\Users\Eduardo\AppData\Local\Programs\Python\Python311\Lib\importlib\__init__.py", line 126, in import_module
    return _bootstrap._gcd_import(name[level:], package, level)
           ^^^^^^^^^^^^^^^^^^^^^^^^^^^^^^^^^^^^^^^^^^^^^^^^^^^^
  File "<frozen importlib._bootstrap>", line 1204, in _gcd_import
  File "<frozen importlib._bootstrap>", line 1176, in _find_and_load
  File "<frozen importlib._bootstrap>", line 1140, in _find_and_load_unlocked
ModuleNotFoundError: No module named 'autoreload'

During handling of the above exception, another exception occurred:

Traceback (most recent call last):
  File "d:\Programacao\MMM\.venv\Lib\site-packages\IPython\extensions\deduperreload\deduperreload.py", line 219, in update_sources
    self.source_by_modname[new_modname] = f.read()
                                          ^^^^^^^^
  File "C:\Users\Eduardo\AppData\Local\Programs\Python\Python311\Lib\encodings\cp1252.py", line 23, in decode
    return codecs.charmap_decode(input,self.errors,decoding_table)[0]
           ^^^^^^^^^^^^^^^^^^^^^^^^^^^^^^^^^^^^^^^^^^^^^^^^^^^^^^^
UnicodeDecodeError: 'charmap' codec can't decode byte 0x81 in position 308: character maps to <undefined>
[ 2026-03-25 16:14:39,180 ] 222 autoreload - ERROR - Failed to read module file 'C:\Users\Eduardo\AppData\Local\Programs\Python\Python311\Lib\shlex.py' for module 'shlex': UnicodeDecodeError
Traceback (most recent call last):
  File "d:\Programacao\MMM\.venv\Lib\site-packages\IPython\core\extensions.py", line 62, in load_extension
    return self._load_extension(module_str)
           ^^^^^^^^^^^^^^^^^^^^^^^^^^^^^^^^
  File "d:\Programacao\MMM\.venv\Lib\site-packages\IPython\core\extensions.py", line 77, in _load_extension
    mod = import_module(module_str)
          ^^^^^^^^^^^^^^^^^^^^^^^^^
  File "C:\Users\Eduardo\AppData\Local\Programs\Python\Python311\Lib\importlib\__init__.py", line 126, in import_module
    return _bootstrap._gcd_import(name[level:], package, level)
           ^^^^^^^^^^^^^^^^^^^^^^^^^^^^^^^^^^^^^^^^^^^^^^^^^^^^
  File "<frozen importlib._bootstrap>", line 1204, in _gcd_import
  File "<frozen importlib._bootstrap>", line 1176, in _find_and_load
  File "<frozen importlib._bootstrap>", line 1140, in _find_and_load_unlocked
ModuleNotFoundError: No module named 'autoreload'

During handling of the above exception, another exception occurred:

Traceback (most recent call last):
  File "d:\Programacao\MMM\.venv\Lib\site-packages\IPython\extensions\deduperreload\deduperreload.py", line 219, in update_sources
    self.source_by_modname[new_modname] = f.read()
                                          ^^^^^^^^
  File "C:\Users\Eduardo\AppData\Local\Programs\Python\Python311\Lib\encodings\cp1252.py", line 23, in decode
    return codecs.charmap_decode(input,self.errors,decoding_table)[0]
           ^^^^^^^^^^^^^^^^^^^^^^^^^^^^^^^^^^^^^^^^^^^^^^^^^^^^^^^
UnicodeDecodeError: 'charmap' codec can't decode byte 0x81 in position 1482: character maps to <undefined>
[ 2026-03-25 16:14:39,391 ] 222 autoreload - ERROR - Failed to read module file 'C:\Users\Eduardo\AppData\Local\Programs\Python\Python311\Lib\urllib\parse.py' for module 'urllib.parse': UnicodeDecodeError
Traceback (most recent call last):
  File "d:\Programacao\MMM\.venv\Lib\site-packages\IPython\core\extensions.py", line 62, in load_extension
    return self._load_extension(module_str)
           ^^^^^^^^^^^^^^^^^^^^^^^^^^^^^^^^
  File "d:\Programacao\MMM\.venv\Lib\site-packages\IPython\core\extensions.py", line 77, in _load_extension
    mod = import_module(module_str)
          ^^^^^^^^^^^^^^^^^^^^^^^^^
  File "C:\Users\Eduardo\AppData\Local\Programs\Python\Python311\Lib\importlib\__init__.py", line 126, in import_module
    return _bootstrap._gcd_import(name[level:], package, level)
           ^^^^^^^^^^^^^^^^^^^^^^^^^^^^^^^^^^^^^^^^^^^^^^^^^^^^
  File "<frozen importlib._bootstrap>", line 1204, in _gcd_import
  File "<frozen importlib._bootstrap>", line 1176, in _find_and_load
  File "<frozen importlib._bootstrap>", line 1140, in _find_and_load_unlocked
ModuleNotFoundError: No module named 'autoreload'

During handling of the above exception, another exception occurred:

Traceback (most recent call last):
  File "d:\Programacao\MMM\.venv\Lib\site-packages\IPython\extensions\deduperreload\deduperreload.py", line 219, in update_sources
    self.source_by_modname[new_modname] = f.read()
                                          ^^^^^^^^
  File "C:\Users\Eduardo\AppData\Local\Programs\Python\Python311\Lib\encodings\cp1252.py", line 23, in decode
    return codecs.charmap_decode(input,self.errors,decoding_table)[0]
           ^^^^^^^^^^^^^^^^^^^^^^^^^^^^^^^^^^^^^^^^^^^^^^^^^^^^^^^
UnicodeDecodeError: 'charmap' codec can't decode byte 0x9d in position 2030: character maps to <undefined>
[ 2026-03-25 16:14:39,547 ] 222 autoreload - ERROR - Failed to read module file 'C:\Users\Eduardo\AppData\Local\Programs\Python\Python311\Lib\re\_casefix.py' for module 're._casefix': UnicodeDecodeError
Traceback (most recent call last):
  File "d:\Programacao\MMM\.venv\Lib\site-packages\IPython\core\extensions.py", line 62, in load_extension
    return self._load_extension(module_str)
           ^^^^^^^^^^^^^^^^^^^^^^^^^^^^^^^^
  File "d:\Programacao\MMM\.venv\Lib\site-packages\IPython\core\extensions.py", line 77, in _load_extension
    mod = import_module(module_str)
          ^^^^^^^^^^^^^^^^^^^^^^^^^
  File "C:\Users\Eduardo\AppData\Local\Programs\Python\Python311\Lib\importlib\__init__.py", line 126, in import_module
    return _bootstrap._gcd_import(name[level:], package, level)
           ^^^^^^^^^^^^^^^^^^^^^^^^^^^^^^^^^^^^^^^^^^^^^^^^^^^^
  File "<frozen importlib._bootstrap>", line 1204, in _gcd_import
  File "<frozen importlib._bootstrap>", line 1176, in _find_and_load
  File "<frozen importlib._bootstrap>", line 1140, in _find_and_load_unlocked
ModuleNotFoundError: No module named 'autoreload'

During handling of the above exception, another exception occurred:

Traceback (most recent call last):
  File "d:\Programacao\MMM\.venv\Lib\site-packages\IPython\extensions\deduperreload\deduperreload.py", line 219, in update_sources
    self.source_by_modname[new_modname] = f.read()
                                          ^^^^^^^^
  File "C:\Users\Eduardo\AppData\Local\Programs\Python\Python311\Lib\encodings\cp1252.py", line 23, in decode
    return codecs.charmap_decode(input,self.errors,decoding_table)[0]
           ^^^^^^^^^^^^^^^^^^^^^^^^^^^^^^^^^^^^^^^^^^^^^^^^^^^^^^^
UnicodeDecodeError: 'charmap' codec can't decode byte 0x90 in position 913: character maps to <undefined>
